Unity Editor version:    6000.0.29f1 (9fafe5c9db65)
Branch:                  6000.0/release
Build type:              Release
Batch mode:              YES
macOS version:           Version 14.4 (Build 23E214)
Darwin version:          23.4.0
Architecture:            arm64
Running under Rosetta:   NO
Available memory:        65536 MB
Using pre-set license
Pro License: YES

COMMAND LINE ARGUMENTS:
/Applications/Unity/Hub/Editor/6000.0.29f1/Unity.app/Contents/MacOS/Unity
-adb2
-batchMode
-noUpm
-name
AssetImportWorker0
-projectPath
/Users/artemii.buchko/Projects/UnityEdu
-logFile
Logs/AssetImportWorker0.log
-srvPort
58801
-job-worker-count
7
-background-job-worker-count
8
-asset-garbage-collectors
1
Successfully changed project path to: /Users/artemii.buchko/Projects/UnityEdu
/Users/artemii.buchko/Projects/UnityEdu
[UnityMemory] Configuration Parameters - Can be set up in boot.config
    "memorysetup-bucket-allocator-granularity=16"
    "memorysetup-bucket-allocator-bucket-count=8"
    "memorysetup-bucket-allocator-block-size=33554432"
    "memorysetup-bucket-allocator-block-count=8"
    "memorysetup-main-allocator-block-size=16777216"
    "memorysetup-thread-allocator-block-size=16777216"
    "memorysetup-gfx-main-allocator-block-size=16777216"
    "memorysetup-gfx-thread-allocator-block-size=16777216"
    "memorysetup-cache-allocator-block-size=4194304"
    "memorysetup-typetree-allocator-block-size=2097152"
    "memorysetup-profiler-bucket-allocator-granularity=16"
    "memorysetup-profiler-bucket-allocator-bucket-count=8"
    "memorysetup-profiler-bucket-allocator-block-size=33554432"
    "memorysetup-profiler-bucket-allocator-block-count=8"
    "memorysetup-profiler-allocator-block-size=16777216"
    "memorysetup-profiler-editor-allocator-block-size=1048576"
    "memorysetup-temp-allocator-size-main=16777216"
    "memorysetup-job-temp-allocator-block-size=2097152"
    "memorysetup-job-temp-allocator-block-size-background=1048576"
    "memorysetup-job-temp-allocator-reduction-small-platforms=262144"
    "memorysetup-allocator-temp-initial-block-size-main=262144"
    "memorysetup-allocator-temp-initial-block-size-worker=262144"
    "memorysetup-temp-allocator-size-background-worker=32768"
    "memorysetup-temp-allocator-size-job-worker=262144"
    "memorysetup-temp-allocator-size-preload-manager=33554432"
    "memorysetup-temp-allocator-size-nav-mesh-worker=65536"
    "memorysetup-temp-allocator-size-audio-worker=65536"
    "memorysetup-temp-allocator-size-cloud-worker=32768"
    "memorysetup-temp-allocator-size-gi-baking-worker=262144"
    "memorysetup-temp-allocator-size-gi-baking-worker=262144"
    "memorysetup-temp-allocator-size-gi-baking-worker=262144"
    "memorysetup-temp-allocator-size-gi-baking-worker=262144"
    "memorysetup-temp-allocator-size-gi-baking-worker=262144"
    "memorysetup-temp-allocator-size-gfx=262144"
Player connection [8594258624]  Target information:

Player connection [8594258624]  * "[IP] 192.168.0.101 [Port] 0 [Flags] 2 [Guid] 93868297 [EditorId] 93868297 [Version] 1048832 [Id] OSXEditor(0,CA38-OD-WK084) [Debug] 1 [PackageName] OSXEditor [ProjectName] Editor" 

Player connection [8594258624]  * "[IP] 10.211.55.2 [Port] 0 [Flags] 2 [Guid] 93868297 [EditorId] 93868297 [Version] 1048832 [Id] OSXEditor(0,CA38-OD-WK084) [Debug] 1 [PackageName] OSXEditor [ProjectName] Editor" 

Player connection [8594258624]  * "[IP] 10.37.129.2 [Port] 0 [Flags] 2 [Guid] 93868297 [EditorId] 93868297 [Version] 1048832 [Id] OSXEditor(0,CA38-OD-WK084) [Debug] 1 [PackageName] OSXEditor [ProjectName] Editor" 

Player connection [8594258624] Host joined multi-casting on [225.0.0.222:54997]...
Player connection [8594258624] Host joined alternative multi-casting on [225.0.0.222:34997]...
JobSystem: Creating JobQueue using job-worker-count value 7
[Physics::Module] Initialized fallback backend.
[Physics::Module] Id: 0xdecafbad
Library Redirect Path: Library/
[Physics::Module] Selected backend.
[Physics::Module] Name: PhysX
[Physics::Module] Id: 0xf2b8ea05
[Physics::Module] SDK Version: 4.1.2
[Physics::Module] Integration Version: 1.0.0
[Physics::Module] Threading Mode: Multi-Threaded
Refreshing native plugins compatible for Editor in 0.48 ms, found 2 plugins.
Preloading 0 native plugins for Editor in 0.00 ms.
Initialize engine version: 6000.0.29f1 (9fafe5c9db65)
[Subsystems] Discovering subsystems at path /Applications/Unity/Hub/Editor/6000.0.29f1/Unity.app/Contents/Resources/UnitySubsystems
[Subsystems] Discovering subsystems at path /Users/artemii.buchko/Projects/UnityEdu/Assets
GfxDevice: creating device client; kGfxThreadingModeNonThreaded
 preferred device: Apple M3 Max (high power)
Metal devices available: 1
0: Apple M3 Max (high power)
Using device Apple M3 Max (high power)
Initializing Metal device caps: Apple M3 Max
Initialize mono
Mono path[0] = '/Applications/Unity/Hub/Editor/6000.0.29f1/Unity.app/Contents/Managed'
Mono path[1] = '/Applications/Unity/Hub/Editor/6000.0.29f1/Unity.app/Contents/MonoBleedingEdge/lib/mono/unityjit-macos'
Mono config path = '/Applications/Unity/Hub/Editor/6000.0.29f1/Unity.app/Contents/MonoBleedingEdge/etc'
Using monoOptions --debugger-agent=transport=dt_socket,embedding=1,server=y,suspend=n,address=127.0.0.1:56514
Begin MonoManager ReloadAssembly
Registering precompiled unity dll's ...
Register platform support module: /Applications/Unity/Hub/Editor/6000.0.29f1/Unity.app/Contents/PlaybackEngines/MacStandaloneSupport/UnityEditor.OSXStandalone.Extensions.dll
Register platform support module: /Applications/Unity/Hub/Editor/6000.0.29f1/PlaybackEngines/AndroidPlayer/UnityEditor.Android.Extensions.dll
Registered in 0.000884 seconds.
- Loaded All Assemblies, in  0.210 seconds
Native extension for Android target not found
Android Extension - Scanning For ADB Devices 910 ms
Native extension for OSXStandalone target not found
Mono: successfully reloaded assembly
- Finished resetting the current domain, in  1.230 seconds
Domain Reload Profiling: 1440ms
	BeginReloadAssembly (48ms)
		ExecutionOrderSort (0ms)
		DisableScriptedObjects (0ms)
		BackupInstance (0ms)
		ReleaseScriptingObjects (0ms)
		CreateAndSetChildDomain (0ms)
	RebuildCommonClasses (24ms)
	RebuildNativeTypeToScriptingClass (9ms)
	initialDomainReloadingComplete (25ms)
	LoadAllAssembliesAndSetupDomain (103ms)
		LoadAssemblies (48ms)
		RebuildTransferFunctionScriptingTraits (0ms)
		AnalyzeDomain (102ms)
			TypeCache.Refresh (101ms)
				TypeCache.ScanAssembly (93ms)
			BuildScriptInfoCaches (0ms)
			ResolveRequiredComponents (0ms)
	FinalizeReload (1230ms)
		ReleaseScriptCaches (0ms)
		RebuildScriptCaches (0ms)
		SetupLoadedEditorAssemblies (1199ms)
			LogAssemblyErrors (0ms)
			InitializePlatformSupportModulesInManaged (977ms)
			SetLoadedEditorAssemblies (2ms)
			BeforeProcessingInitializeOnLoad (3ms)
			ProcessInitializeOnLoadAttributes (146ms)
			ProcessInitializeOnLoadMethodAttributes (68ms)
			AfterProcessingInitializeOnLoad (2ms)
			EditorAssembliesLoaded (0ms)
		ExecutionOrderSort2 (0ms)
		AwakeInstancesAfterBackupRestoration (0ms)
========================================================================
Worker process is ready to serve import requests
Import Worker Mode flag is 0x00
Begin MonoManager ReloadAssembly
TypeRef ResolutionScope not yet handled (234) for .IMergeView in image /Users/artemii.buchko/Projects/UnityEdu/Library/ScriptAssemblies/Unity.PlasticSCM.Editor.dll
Asset path could not be found for script compilation file '/Library/PackageCache/com.unity.collab-proxy/Editor/PlasticSCM/ApplicationDataPath.cs'
Asset path could not be found for script compilation file '/Library/PackageCache/com.unity.collab-proxy/Editor/PlasticSCM/AssetMenu/AssetFilesFilterPatternsMenuBuilder.cs'
Asset path could not be found for script compilation file '/Library/PackageCache/com.unity.collab-proxy/Editor/PlasticSCM/AssetMenu/AssetMenuItems.cs'
Asset path could not be found for script compilation file '/Library/PackageCache/com.unity.collab-proxy/Editor/PlasticSCM/AssetMenu/AssetMenuOperations.cs'
Asset path could not be found for script compilation file '/Library/PackageCache/com.unity.collab-proxy/Editor/PlasticSCM/AssetMenu/AssetOperations.cs'
Asset path could not be found for script compilation file '/Library/PackageCache/com.unity.collab-proxy/Editor/PlasticSCM/AssetMenu/AssetsSelection.cs'
Asset path could not be found for script compilation file '/Library/PackageCache/com.unity.collab-proxy/Editor/PlasticSCM/AssetMenu/Dialogs/CheckinDialog.cs'
Asset path could not be found for script compilation file '/Library/PackageCache/com.unity.collab-proxy/Editor/PlasticSCM/AssetMenu/Dialogs/CheckinDialogOperations.cs'
Asset path could not be found for script compilation file '/Library/PackageCache/com.unity.collab-proxy/Editor/PlasticSCM/AssetMenu/ProjectViewAssetSelection.cs'
Asset path could not be found for script compilation file '/Library/PackageCache/com.unity.collab-proxy/Editor/PlasticSCM/AssetOverlays/AssetStatus.cs'
Asset path could not be found for script compilation file '/Library/PackageCache/com.unity.collab-proxy/Editor/PlasticSCM/AssetOverlays/Cache/AssetStatusCache.cs'
Asset path could not be found for script compilation file '/Library/PackageCache/com.unity.collab-proxy/Editor/PlasticSCM/AssetOverlays/Cache/BuildPathDictionary.cs'
Asset path could not be found for script compilation file '/Library/PackageCache/com.unity.collab-proxy/Editor/PlasticSCM/AssetOverlays/Cache/LocalStatusCache.cs'
Asset path could not be found for script compilation file '/Library/PackageCache/com.unity.collab-proxy/Editor/PlasticSCM/AssetOverlays/Cache/LockStatusCache.cs'
Asset path could not be found for script compilation file '/Library/PackageCache/com.unity.collab-proxy/Editor/PlasticSCM/AssetOverlays/Cache/RemoteStatusCache.cs'
Asset path could not be found for script compilation file '/Library/PackageCache/com.unity.collab-proxy/Editor/PlasticSCM/AssetOverlays/DrawAssetOverlay.cs'
Asset path could not be found for script compilation file '/Library/PackageCache/com.unity.collab-proxy/Editor/PlasticSCM/AssetsUtils/AssetsPath.cs'
Asset path could not be found for script compilation file '/Library/PackageCache/com.unity.collab-proxy/Editor/PlasticSCM/AssetsUtils/GetSelectedPaths.cs'
Asset path could not be found for script compilation file '/Library/PackageCache/com.unity.collab-proxy/Editor/PlasticSCM/AssetsUtils/LoadAsset.cs'
Asset path could not be found for script compilation file '/Library/PackageCache/com.unity.collab-proxy/Editor/PlasticSCM/AssetsUtils/Processor/AssetModificationProcessor.cs'
Asset path could not be found for script compilation file '/Library/PackageCache/com.unity.collab-proxy/Editor/PlasticSCM/AssetsUtils/Processor/AssetPostprocessor.cs'
Asset path could not be found for script compilation file '/Library/PackageCache/com.unity.collab-proxy/Editor/PlasticSCM/AssetsUtils/Processor/AssetsProcessor.cs'
Asset path could not be found for script compilation file '/Library/PackageCache/com.unity.collab-proxy/Editor/PlasticSCM/AssetsUtils/Processor/PlasticAssetsProcessor.cs'
Asset path could not be found for script compilation file '/Library/PackageCache/com.unity.collab-proxy/Editor/PlasticSCM/AssetsUtils/Processor/WorkspaceOperationsMonitor.cs'
Asset path could not be found for script compilation file '/Library/PackageCache/com.unity.collab-proxy/Editor/PlasticSCM/AssetsUtils/ProjectPath.cs'
Asset path could not be found for script compilation file '/Library/PackageCache/com.unity.collab-proxy/Editor/PlasticSCM/AssetsUtils/RefreshAsset.cs'
Asset path could not be found for script compilation file '/Library/PackageCache/com.unity.collab-proxy/Editor/PlasticSCM/AssetsUtils/RepaintInspector.cs'
Asset path could not be found for script compilation file '/Library/PackageCache/com.unity.collab-proxy/Editor/PlasticSCM/AssetsUtils/SaveAssets.cs'
Asset path could not be found for script compilation file '/Library/PackageCache/com.unity.collab-proxy/Editor/PlasticSCM/AutoRefresh.cs'
Asset path could not be found for script compilation file '/Library/PackageCache/com.unity.collab-proxy/Editor/PlasticSCM/BuildGetEventExtraInfoFunction.cs'
Asset path could not be found for script compilation file '/Library/PackageCache/com.unity.collab-proxy/Editor/PlasticSCM/CheckWorkspaceTreeNodeStatus.cs'
Asset path could not be found for script compilation file '/Library/PackageCache/com.unity.collab-proxy/Editor/PlasticSCM/CollabMigration/CloudProjectId.cs'
Asset path could not be found for script compilation file '/Library/PackageCache/com.unity.collab-proxy/Editor/PlasticSCM/CollabMigration/MigrateCollabProject.cs'
Asset path could not be found for script compilation file '/Library/PackageCache/com.unity.collab-proxy/Editor/PlasticSCM/CollabMigration/MigrationDialog.cs'
Asset path could not be found for script compilation file '/Library/PackageCache/com.unity.collab-proxy/Editor/PlasticSCM/CollabMigration/MigrationProgressRender.cs'
Asset path could not be found for script compilation file '/Library/PackageCache/com.unity.collab-proxy/Editor/PlasticSCM/CollabPlugin.cs'
Asset path could not be found for script compilation file '/Library/PackageCache/com.unity.collab-proxy/Editor/PlasticSCM/Configuration/AutoConfig.cs'
Asset path could not be found for script compilation file '/Library/PackageCache/com.unity.collab-proxy/Editor/PlasticSCM/Configuration/ChannelCertificateUiImpl.cs'
Asset path could not be found for script compilation file '/Library/PackageCache/com.unity.collab-proxy/Editor/PlasticSCM/Configuration/CloudEdition/Welcome/AutoLogin.cs'
Asset path could not be found for script compilation file '/Library/PackageCache/com.unity.collab-proxy/Editor/PlasticSCM/Configuration/CloudEdition/Welcome/CloudEditionWelcomeWindow.cs'
Asset path could not be found for script compilation file '/Library/PackageCache/com.unity.collab-proxy/Editor/PlasticSCM/Configuration/CloudEdition/Welcome/OrganizationPanel.cs'
Asset path could not be found for script compilation file '/Library/PackageCache/com.unity.collab-proxy/Editor/PlasticSCM/Configuration/CloudEdition/Welcome/SignInPanel.cs'
Asset path could not be found for script compilation file '/Library/PackageCache/com.unity.collab-proxy/Editor/PlasticSCM/Configuration/CloudEdition/Welcome/SignInWithEmailPanel.cs'
Asset path could not be found for script compilation file '/Library/PackageCache/com.unity.collab-proxy/Editor/PlasticSCM/Configuration/CloudEdition/Welcome/WaitingSignInPanel.cs'
Asset path could not be found for script compilation file '/Library/PackageCache/com.unity.collab-proxy/Editor/PlasticSCM/Configuration/ConfigurePartialWorkspace.cs'
Asset path could not be found for script compilation file '/Library/PackageCache/com.unity.collab-proxy/Editor/PlasticSCM/Configuration/CredentialsDialog.cs'
Asset path could not be found for script compilation file '/Library/PackageCache/com.unity.collab-proxy/Editor/PlasticSCM/Configuration/CredentialsUIImpl.cs'
Asset path could not be found for script compilation file '/Library/PackageCache/com.unity.collab-proxy/Editor/PlasticSCM/Configuration/EncryptionConfigurationDialog.cs'
Asset path could not be found for script compilation file '/Library/PackageCache/com.unity.collab-proxy/Editor/PlasticSCM/Configuration/MissingEncryptionPasswordPromptHandler.cs'
Asset path could not be found for script compilation file '/Library/PackageCache/com.unity.collab-proxy/Editor/PlasticSCM/Configuration/SSOCredentialsDialog.cs'
Asset path could not be found for script compilation file '/Library/PackageCache/com.unity.collab-proxy/Editor/PlasticSCM/Configuration/TeamEdition/TeamEditionConfigurationWindow.cs'
Asset path could not be found for script compilation file '/Library/PackageCache/com.unity.collab-proxy/Editor/PlasticSCM/Configuration/ToolConfig.cs'
Asset path could not be found for script compilation file '/Library/PackageCache/com.unity.collab-proxy/Editor/PlasticSCM/Configuration/WriteLogConfiguration.cs'
Asset path could not be found for script compilation file '/Library/PackageCache/com.unity.collab-proxy/Editor/PlasticSCM/Developer/CheckinProgress.cs'
Asset path could not be found for script compilation file '/Library/PackageCache/com.unity.collab-proxy/Editor/PlasticSCM/Developer/GenericProgress.cs'
Asset path could not be found for script compilation file '/Library/PackageCache/com.unity.collab-proxy/Editor/PlasticSCM/Developer/IncomingChangesNotifier.cs'
Asset path could not be found for script compilation file '/Library/PackageCache/com.unity.collab-proxy/Editor/PlasticSCM/Developer/ProgressOperationHandler.cs'
Asset path could not be found for script compilation file '/Library/PackageCache/com.unity.collab-proxy/Editor/PlasticSCM/Developer/UpdateProgress.cs'
Asset path could not be found for script compilation file '/Library/PackageCache/com.unity.collab-proxy/Editor/PlasticSCM/Developer/UpdateReport/UpdateReportDialog.cs'
Asset path could not be found for script compilation file '/Library/PackageCache/com.unity.collab-proxy/Editor/PlasticSCM/Developer/UpdateReport/UpdateReportLineListViewItem.cs'
Asset path could not be found for script compilation file '/Library/PackageCache/com.unity.collab-proxy/Editor/PlasticSCM/Developer/UpdateReport/UpdateReportListHeaderState.cs'
Asset path could not be found for script compilation file '/Library/PackageCache/com.unity.collab-proxy/Editor/PlasticSCM/Developer/UpdateReport/UpdateReportListView.cs'
Asset path could not be found for script compilation file '/Library/PackageCache/com.unity.collab-proxy/Editor/PlasticSCM/DrawGuiModeSwitcher.cs'
Asset path could not be found for script compilation file '/Library/PackageCache/com.unity.collab-proxy/Editor/PlasticSCM/EnumExtensions.cs'
Asset path could not be found for script compilation file '/Library/PackageCache/com.unity.collab-proxy/Editor/PlasticSCM/FindWorkspace.cs'
Asset path could not be found for script compilation file '/Library/PackageCache/com.unity.collab-proxy/Editor/PlasticSCM/GetRelativePath.cs'
Asset path could not be found for script compilation file '/Library/PackageCache/com.unity.collab-proxy/Editor/PlasticSCM/Gluon/CheckinProgress.cs'
Asset path could not be found for script compilation file '/Library/PackageCache/com.unity.collab-proxy/Editor/PlasticSCM/Gluon/IncomingChangesNotifier.cs'
Asset path could not be found for script compilation file '/Library/PackageCache/com.unity.collab-proxy/Editor/PlasticSCM/Gluon/ProgressOperationHandler.cs'
Asset path could not be found for script compilation file '/Library/PackageCache/com.unity.collab-proxy/Editor/PlasticSCM/Gluon/UpdateProgress.cs'
Asset path could not be found for script compilation file '/Library/PackageCache/com.unity.collab-proxy/Editor/PlasticSCM/Gluon/UpdateReport/ErrorListViewItem.cs'
Asset path could not be found for script compilation file '/Library/PackageCache/com.unity.collab-proxy/Editor/PlasticSCM/Gluon/UpdateReport/UpdateReportDialog.cs'
Asset path could not be found for script compilation file '/Library/PackageCache/com.unity.collab-proxy/Editor/PlasticSCM/Gluon/UpdateReport/UpdateReportListHeaderState.cs'
Asset path could not be found for script compilation file '/Library/PackageCache/com.unity.collab-proxy/Editor/PlasticSCM/Gluon/UpdateReport/UpdateReportListView.cs'
Asset path could not be found for script compilation file '/Library/PackageCache/com.unity.collab-proxy/Editor/PlasticSCM/Help/BuildFormattedHelp.cs'
Asset path could not be found for script compilation file '/Library/PackageCache/com.unity.collab-proxy/Editor/PlasticSCM/Help/DrawHelpPanel.cs'
Asset path could not be found for script compilation file '/Library/PackageCache/com.unity.collab-proxy/Editor/PlasticSCM/Help/ExternalLink.cs'
Asset path could not be found for script compilation file '/Library/PackageCache/com.unity.collab-proxy/Editor/PlasticSCM/Help/HelpData.cs'
Asset path could not be found for script compilation file '/Library/PackageCache/com.unity.collab-proxy/Editor/PlasticSCM/Help/HelpFormat.cs'
Asset path could not be found for script compilation file '/Library/PackageCache/com.unity.collab-proxy/Editor/PlasticSCM/Help/HelpLink.cs'
Asset path could not be found for script compilation file '/Library/PackageCache/com.unity.collab-proxy/Editor/PlasticSCM/Help/HelpLinkData.cs'
Asset path could not be found for script compilation file '/Library/PackageCache/com.unity.collab-proxy/Editor/PlasticSCM/Help/HelpPanel.cs'
Asset path could not be found for script compilation file '/Library/PackageCache/com.unity.collab-proxy/Editor/PlasticSCM/Help/TestingHelpData.cs'
Asset path could not be found for script compilation file '/Library/PackageCache/com.unity.collab-proxy/Editor/PlasticSCM/Hub/CommandLineArguments.cs'
Asset path could not be found for script compilation file '/Library/PackageCache/com.unity.collab-proxy/Editor/PlasticSCM/Hub/Operations/CreateWorkspace.cs'
Asset path could not be found for script compilation file '/Library/PackageCache/com.unity.collab-proxy/Editor/PlasticSCM/Hub/Operations/DownloadRepository.cs'
Asset path could not be found for script compilation file '/Library/PackageCache/com.unity.collab-proxy/Editor/PlasticSCM/Hub/Operations/OperationParams.cs'
Asset path could not be found for script compilation file '/Library/PackageCache/com.unity.collab-proxy/Editor/PlasticSCM/Hub/ParseArguments.cs'
Asset path could not be found for script compilation file '/Library/PackageCache/com.unity.collab-proxy/Editor/PlasticSCM/Hub/ProcessCommand.cs'
Asset path could not be found for script compilation file '/Library/PackageCache/com.unity.collab-proxy/Editor/PlasticSCM/Inspector/DrawInspectorOperations.cs'
Asset path could not be found for script compilation file '/Library/PackageCache/com.unity.collab-proxy/Editor/PlasticSCM/Inspector/InspectorAssetSelection.cs'
Asset path could not be found for script compilation file '/Library/PackageCache/com.unity.collab-proxy/Editor/PlasticSCM/MetaPath.cs'
Asset path could not be found for script compilation file '/Library/PackageCache/com.unity.collab-proxy/Editor/PlasticSCM/NewIncomingChanges.cs'
Asset path could not be found for script compilation file '/Library/PackageCache/com.unity.collab-proxy/Editor/PlasticSCM/OrganizationsInformation.cs'
Asset path could not be found for script compilation file '/Library/PackageCache/com.unity.collab-proxy/Editor/PlasticSCM/ParentWindow.cs'
Asset path could not be found for script compilation file '/Library/PackageCache/com.unity.collab-proxy/Editor/PlasticSCM/PlasticApp.cs'
Asset path could not be found for script compilation file '/Library/PackageCache/com.unity.collab-proxy/Editor/PlasticSCM/PlasticConnectionMonitor.cs'
Asset path could not be found for script compilation file '/Library/PackageCache/com.unity.collab-proxy/Editor/PlasticSCM/PlasticMenuItem.cs'
Asset path could not be found for script compilation file '/Library/PackageCache/com.unity.collab-proxy/Editor/PlasticSCM/PlasticNotification.cs'
Asset path could not be found for script compilation file '/Library/PackageCache/com.unity.collab-proxy/Editor/PlasticSCM/PlasticPlugin.cs'
Asset path could not be found for script compilation file '/Library/PackageCache/com.unity.collab-proxy/Editor/PlasticSCM/PlasticPluginIsEnabledPreference.cs'
Asset path could not be found for script compilation file '/Library/PackageCache/com.unity.collab-proxy/Editor/PlasticSCM/PlasticProjectSettingsProvider.cs'
Asset path could not be found for script compilation file '/Library/PackageCache/com.unity.collab-proxy/Editor/PlasticSCM/PlasticShutdown.cs'
Asset path could not be found for script compilation file '/Library/PackageCache/com.unity.collab-proxy/Editor/PlasticSCM/PlasticWindow.cs'
Asset path could not be found for script compilation file '/Library/PackageCache/com.unity.collab-proxy/Editor/PlasticSCM/ProjectWindow.cs'
Asset path could not be found for script compilation file '/Library/PackageCache/com.unity.collab-proxy/Editor/PlasticSCM/QueryVisualElementsExtensions.cs'
Asset path could not be found for script compilation file '/Library/PackageCache/com.unity.collab-proxy/Editor/PlasticSCM/SceneView/DrawSceneOperations.cs'
Asset path could not be found for script compilation file '/Library/PackageCache/com.unity.collab-proxy/Editor/PlasticSCM/SwitchModeConfirmationDialog.cs'
Asset path could not be found for script compilation file '/Library/PackageCache/com.unity.collab-proxy/Editor/PlasticSCM/Tool/AuthToken.cs'
Asset path could not be found for script compilation file '/Library/PackageCache/com.unity.collab-proxy/Editor/PlasticSCM/Tool/BringWindowToFront.cs'
Asset path could not be found for script compilation file '/Library/PackageCache/com.unity.collab-proxy/Editor/PlasticSCM/Tool/FindTool.cs'
Asset path could not be found for script compilation file '/Library/PackageCache/com.unity.collab-proxy/Editor/PlasticSCM/Tool/IsExeAvailable.cs'
Asset path could not be found for script compilation file '/Library/PackageCache/com.unity.collab-proxy/Editor/PlasticSCM/Tool/LaunchInstaller.cs'
Asset path could not be found for script compilation file '/Library/PackageCache/com.unity.collab-proxy/Editor/PlasticSCM/Tool/LaunchTool.cs'
Asset path could not be found for script compilation file '/Library/PackageCache/com.unity.collab-proxy/Editor/PlasticSCM/Tool/ToolConstants.cs'
Asset path could not be found for script compilation file '/Library/PackageCache/com.unity.collab-proxy/Editor/PlasticSCM/UI/Avatar/ApplyCircleMask.cs'
Asset path could not be found for script compilation file '/Library/PackageCache/com.unity.collab-proxy/Editor/PlasticSCM/UI/Avatar/AvatarImages.cs'
Asset path could not be found for script compilation file '/Library/PackageCache/com.unity.collab-proxy/Editor/PlasticSCM/UI/Avatar/GetAvatar.cs'
Asset path could not be found for script compilation file '/Library/PackageCache/com.unity.collab-proxy/Editor/PlasticSCM/UI/BoolSetting.cs'
Asset path could not be found for script compilation file '/Library/PackageCache/com.unity.collab-proxy/Editor/PlasticSCM/UI/CloseWindowIfOpened.cs'
Asset path could not be found for script compilation file '/Library/PackageCache/com.unity.collab-proxy/Editor/PlasticSCM/UI/CooldownWindowDelayer.cs'
Asset path could not be found for script compilation file '/Library/PackageCache/com.unity.collab-proxy/Editor/PlasticSCM/UI/DockEditorWindow.cs'
Asset path could not be found for script compilation file '/Library/PackageCache/com.unity.collab-proxy/Editor/PlasticSCM/UI/DrawActionButton.cs'
Asset path could not be found for script compilation file '/Library/PackageCache/com.unity.collab-proxy/Editor/PlasticSCM/UI/DrawActionButtonWithMenu.cs'
Asset path could not be found for script compilation file '/Library/PackageCache/com.unity.collab-proxy/Editor/PlasticSCM/UI/DrawActionHelpBox.cs'
Asset path could not be found for script compilation file '/Library/PackageCache/com.unity.collab-proxy/Editor/PlasticSCM/UI/DrawActionToolbar.cs'
Asset path could not be found for script compilation file '/Library/PackageCache/com.unity.collab-proxy/Editor/PlasticSCM/UI/DrawSearchField.cs'
Asset path could not be found for script compilation file '/Library/PackageCache/com.unity.collab-proxy/Editor/PlasticSCM/UI/DrawSplitter.cs'
Asset path could not be found for script compilation file '/Library/PackageCache/com.unity.collab-proxy/Editor/PlasticSCM/UI/DrawTextBlockWithEndLink.cs'
Asset path could not be found for script compilation file '/Library/PackageCache/com.unity.collab-proxy/Editor/PlasticSCM/UI/DrawUserIcon.cs'
Asset path could not be found for script compilation file '/Library/PackageCache/com.unity.collab-proxy/Editor/PlasticSCM/UI/DropDownTextField.cs'
Asset path could not be found for script compilation file '/Library/PackageCache/com.unity.collab-proxy/Editor/PlasticSCM/UI/EditorDispatcher.cs'
Asset path could not be found for script compilation file '/Library/PackageCache/com.unity.collab-proxy/Editor/PlasticSCM/UI/EditorProgressBar.cs'
Asset path could not be found for script compilation file '/Library/PackageCache/com.unity.collab-proxy/Editor/PlasticSCM/UI/EditorProgressControls.cs'
Asset path could not be found for script compilation file '/Library/PackageCache/com.unity.collab-proxy/Editor/PlasticSCM/UI/EditorVersion.cs'
Asset path could not be found for script compilation file '/Library/PackageCache/com.unity.collab-proxy/Editor/PlasticSCM/UI/EditorWindowFocus.cs'
Asset path could not be found for script compilation file '/Library/PackageCache/com.unity.collab-proxy/Editor/PlasticSCM/UI/EnumPopupSetting.cs'
Asset path could not be found for script compilation file '/Library/PackageCache/com.unity.collab-proxy/Editor/PlasticSCM/UI/FindEditorWindow.cs'
Asset path could not be found for script compilation file '/Library/PackageCache/com.unity.collab-proxy/Editor/PlasticSCM/UI/GetPlasticShortcut.cs'
Asset path could not be found for script compilation file '/Library/PackageCache/com.unity.collab-proxy/Editor/PlasticSCM/UI/GUIActionRunner.cs'
Asset path could not be found for script compilation file '/Library/PackageCache/com.unity.collab-proxy/Editor/PlasticSCM/UI/GuiEnabled.cs'
Asset path could not be found for script compilation file '/Library/PackageCache/com.unity.collab-proxy/Editor/PlasticSCM/UI/HandleMenuItem.cs'
Asset path could not be found for script compilation file '/Library/PackageCache/com.unity.collab-proxy/Editor/PlasticSCM/UI/Images.cs'
Asset path could not be found for script compilation file '/Library/PackageCache/com.unity.collab-proxy/Editor/PlasticSCM/UI/MeasureMaxWidth.cs'
Asset path could not be found for script compilation file '/Library/PackageCache/com.unity.collab-proxy/Editor/PlasticSCM/UI/OverlayRect.cs'
Asset path could not be found for script compilation file '/Library/PackageCache/com.unity.collab-proxy/Editor/PlasticSCM/UI/PlasticDialog.cs'
Asset path could not be found for script compilation file '/Library/PackageCache/com.unity.collab-proxy/Editor/PlasticSCM/UI/PlasticSplitterGUILayout.cs'
Asset path could not be found for script compilation file '/Library/PackageCache/com.unity.collab-proxy/Editor/PlasticSCM/UI/Progress/DrawProgressForDialogs.cs'
Asset path could not be found for script compilation file '/Library/PackageCache/com.unity.collab-proxy/Editor/PlasticSCM/UI/Progress/DrawProgressForMigration.cs'
Asset path could not be found for script compilation file '/Library/PackageCache/com.unity.collab-proxy/Editor/PlasticSCM/UI/Progress/DrawProgressForOperations.cs'
Asset path could not be found for script compilation file '/Library/PackageCache/com.unity.collab-proxy/Editor/PlasticSCM/UI/Progress/DrawProgressForViews.cs'
Asset path could not be found for script compilation file '/Library/PackageCache/com.unity.collab-proxy/Editor/PlasticSCM/UI/Progress/OperationProgressData.cs'
Asset path could not be found for script compilation file '/Library/PackageCache/com.unity.collab-proxy/Editor/PlasticSCM/UI/Progress/ProgressControlsForDialogs.cs'
Asset path could not be found for script compilation file '/Library/PackageCache/com.unity.collab-proxy/Editor/PlasticSCM/UI/Progress/ProgressControlsForMigration.cs'
Asset path could not be found for script compilation file '/Library/PackageCache/com.unity.collab-proxy/Editor/PlasticSCM/UI/Progress/ProgressControlsForViews.cs'
Asset path could not be found for script compilation file '/Library/PackageCache/com.unity.collab-proxy/Editor/PlasticSCM/UI/RunModal.cs'
Asset path could not be found for script compilation file '/Library/PackageCache/com.unity.collab-proxy/Editor/PlasticSCM/UI/ScreenResolution.cs'
Asset path could not be found for script compilation file '/Library/PackageCache/com.unity.collab-proxy/Editor/PlasticSCM/UI/ShowWindow.cs'
Asset path could not be found for script compilation file '/Library/PackageCache/com.unity.collab-proxy/Editor/PlasticSCM/UI/SortOrderComparer.cs'
Asset path could not be found for script compilation file '/Library/PackageCache/com.unity.collab-proxy/Editor/PlasticSCM/UI/StatusBar/IncomingChangesNotification.cs'
Asset path could not be found for script compilation file '/Library/PackageCache/com.unity.collab-proxy/Editor/PlasticSCM/UI/StatusBar/NotificationBar.cs'
Asset path could not be found for script compilation file '/Library/PackageCache/com.unity.collab-proxy/Editor/PlasticSCM/UI/StatusBar/StatusBar.cs'
Asset path could not be found for script compilation file '/Library/PackageCache/com.unity.collab-proxy/Editor/PlasticSCM/UI/TabButton.cs'
Asset path could not be found for script compilation file '/Library/PackageCache/com.unity.collab-proxy/Editor/PlasticSCM/UI/Tree/DrawTreeViewEmptyState.cs'
Asset path could not be found for script compilation file '/Library/PackageCache/com.unity.collab-proxy/Editor/PlasticSCM/UI/Tree/DrawTreeViewItem.cs'
Asset path could not be found for script compilation file '/Library/PackageCache/com.unity.collab-proxy/Editor/PlasticSCM/UI/Tree/GetChangesOverlayIcon.cs'
Asset path could not be found for script compilation file '/Library/PackageCache/com.unity.collab-proxy/Editor/PlasticSCM/UI/Tree/ListViewItemIds.cs'
Asset path could not be found for script compilation file '/Library/PackageCache/com.unity.collab-proxy/Editor/PlasticSCM/UI/Tree/TableViewOperations.cs'
Asset path could not be found for script compilation file '/Library/PackageCache/com.unity.collab-proxy/Editor/PlasticSCM/UI/Tree/TreeHeaderColumns.cs'
Asset path could not be found for script compilation file '/Library/PackageCache/com.unity.collab-proxy/Editor/PlasticSCM/UI/Tree/TreeHeaderSettings.cs'
Asset path could not be found for script compilation file '/Library/PackageCache/com.unity.collab-proxy/Editor/PlasticSCM/UI/Tree/TreeViewItemIds.cs'
Asset path could not be found for script compilation file '/Library/PackageCache/com.unity.collab-proxy/Editor/PlasticSCM/UI/UIElements/LoadingSpinner.cs'
Asset path could not be found for script compilation file '/Library/PackageCache/com.unity.collab-proxy/Editor/PlasticSCM/UI/UIElements/ProgressControlsForDialogs.cs'
Asset path could not be found for script compilation file '/Library/PackageCache/com.unity.collab-proxy/Editor/PlasticSCM/UI/UIElements/UIElementsExtensions.cs'
Asset path could not be found for script compilation file '/Library/PackageCache/com.unity.collab-proxy/Editor/PlasticSCM/UI/UnityConstants.cs'
Asset path could not be found for script compilation file '/Library/PackageCache/com.unity.collab-proxy/Editor/PlasticSCM/UI/UnityEvents.cs'
Asset path could not be found for script compilation file '/Library/PackageCache/com.unity.collab-proxy/Editor/PlasticSCM/UI/UnityMenuItem.cs'
Asset path could not be found for script compilation file '/Library/PackageCache/com.unity.collab-proxy/Editor/PlasticSCM/UI/UnityPlasticGuiMessage.cs'
Asset path could not be found for script compilation file '/Library/PackageCache/com.unity.collab-proxy/Editor/PlasticSCM/UI/UnityPlasticTimer.cs'
Asset path could not be found for script compilation file '/Library/PackageCache/com.unity.collab-proxy/Editor/PlasticSCM/UI/UnityStyles.cs'
Asset path could not be found for script compilation file '/Library/PackageCache/com.unity.collab-proxy/Editor/PlasticSCM/UI/UnityThreadWaiter.cs'
Asset path could not be found for script compilation file '/Library/PackageCache/com.unity.collab-proxy/Editor/PlasticSCM/UnityConfigurationChecker.cs'
Asset path could not be found for script compilation file '/Library/PackageCache/com.unity.collab-proxy/Editor/PlasticSCM/UVCPackageVersion.cs'
Asset path could not be found for script compilation file '/Library/PackageCache/com.unity.collab-proxy/Editor/PlasticSCM/VCSPlugin.cs'
Asset path could not be found for script compilation file '/Library/PackageCache/com.unity.collab-proxy/Editor/PlasticSCM/Views/Branch/BranchesListHeaderState.cs'
Asset path could not be found for script compilation file '/Library/PackageCache/com.unity.collab-proxy/Editor/PlasticSCM/Views/Branch/BranchesListView.cs'
Asset path could not be found for script compilation file '/Library/PackageCache/com.unity.collab-proxy/Editor/PlasticSCM/Views/Branch/BranchesSelection.cs'
Asset path could not be found for script compilation file '/Library/PackageCache/com.unity.collab-proxy/Editor/PlasticSCM/Views/Branch/BranchesTab.cs'
Asset path could not be found for script compilation file '/Library/PackageCache/com.unity.collab-proxy/Editor/PlasticSCM/Views/Branch/BranchesViewMenu.cs'
Asset path could not be found for script compilation file '/Library/PackageCache/com.unity.collab-proxy/Editor/PlasticSCM/Views/Branch/BranchListViewItem.cs'
Asset path could not be found for script compilation file '/Library/PackageCache/com.unity.collab-proxy/Editor/PlasticSCM/Views/Branch/Dialogs/CreateBranchDialog.cs'
Asset path could not be found for script compilation file '/Library/PackageCache/com.unity.collab-proxy/Editor/PlasticSCM/Views/Branch/Dialogs/DeleteBranchDialog.cs'
Asset path could not be found for script compilation file '/Library/PackageCache/com.unity.collab-proxy/Editor/PlasticSCM/Views/Branch/Dialogs/RenameBranchDialog.cs'
Asset path could not be found for script compilation file '/Library/PackageCache/com.unity.collab-proxy/Editor/PlasticSCM/Views/Changesets/ChangesetListViewItem.cs'
Asset path could not be found for script compilation file '/Library/PackageCache/com.unity.collab-proxy/Editor/PlasticSCM/Views/Changesets/ChangesetsListHeaderState.cs'
Asset path could not be found for script compilation file '/Library/PackageCache/com.unity.collab-proxy/Editor/PlasticSCM/Views/Changesets/ChangesetsListView.cs'
Asset path could not be found for script compilation file '/Library/PackageCache/com.unity.collab-proxy/Editor/PlasticSCM/Views/Changesets/ChangesetsSelection.cs'
Asset path could not be found for script compilation file '/Library/PackageCache/com.unity.collab-proxy/Editor/PlasticSCM/Views/Changesets/ChangesetsTab.cs'
Asset path could not be found for script compilation file '/Library/PackageCache/com.unity.collab-proxy/Editor/PlasticSCM/Views/Changesets/ChangesetsTab_Operations.cs'
Asset path could not be found for script compilation file '/Library/PackageCache/com.unity.collab-proxy/Editor/PlasticSCM/Views/Changesets/ChangesetsViewMenu.cs'
Asset path could not be found for script compilation file '/Library/PackageCache/com.unity.collab-proxy/Editor/PlasticSCM/Views/Changesets/DateFilter.cs'
Asset path could not be found for script compilation file '/Library/PackageCache/com.unity.collab-proxy/Editor/PlasticSCM/Views/Changesets/LaunchDiffOperations.cs'
Asset path could not be found for script compilation file '/Library/PackageCache/com.unity.collab-proxy/Editor/PlasticSCM/Views/ConfirmContinueWithPendingChangesDialog.cs'
Asset path could not be found for script compilation file '/Library/PackageCache/com.unity.collab-proxy/Editor/PlasticSCM/Views/CreateWorkspace/CreateWorkspaceView.cs'
Asset path could not be found for script compilation file '/Library/PackageCache/com.unity.collab-proxy/Editor/PlasticSCM/Views/CreateWorkspace/CreateWorkspaceViewState.cs'
Asset path could not be found for script compilation file '/Library/PackageCache/com.unity.collab-proxy/Editor/PlasticSCM/Views/CreateWorkspace/Dialogs/CreateRepositoryDialog.cs'
Asset path could not be found for script compilation file '/Library/PackageCache/com.unity.collab-proxy/Editor/PlasticSCM/Views/CreateWorkspace/Dialogs/RepositoriesListHeaderState.cs'
Asset path could not be found for script compilation file '/Library/PackageCache/com.unity.collab-proxy/Editor/PlasticSCM/Views/CreateWorkspace/Dialogs/RepositoriesListView.cs'
Asset path could not be found for script compilation file '/Library/PackageCache/com.unity.collab-proxy/Editor/PlasticSCM/Views/CreateWorkspace/Dialogs/RepositoryExplorerDialog.cs'
Asset path could not be found for script compilation file '/Library/PackageCache/com.unity.collab-proxy/Editor/PlasticSCM/Views/CreateWorkspace/Dialogs/RepositoryListViewItem.cs'
Asset path could not be found for script compilation file '/Library/PackageCache/com.unity.collab-proxy/Editor/PlasticSCM/Views/CreateWorkspace/DrawCreateWorkspaceView.cs'
Asset path could not be found for script compilation file '/Library/PackageCache/com.unity.collab-proxy/Editor/PlasticSCM/Views/CreateWorkspace/PerformInitialCheckin.cs'
Asset path could not be found for script compilation file '/Library/PackageCache/com.unity.collab-proxy/Editor/PlasticSCM/Views/CreateWorkspace/ValidRepositoryName.cs'
Asset path could not be found for script compilation file '/Library/PackageCache/com.unity.collab-proxy/Editor/PlasticSCM/Views/Diff/ChangeCategoryTreeViewItem.cs'
Asset path could not be found for script compilation file '/Library/PackageCache/com.unity.collab-proxy/Editor/PlasticSCM/Views/Diff/ClientDiffTreeViewItem.cs'
Asset path could not be found for script compilation file '/Library/PackageCache/com.unity.collab-proxy/Editor/PlasticSCM/Views/Diff/Dialogs/GetRestorePathDialog.cs'
Asset path could not be found for script compilation file '/Library/PackageCache/com.unity.collab-proxy/Editor/PlasticSCM/Views/Diff/DiffPanel.cs'
Asset path could not be found for script compilation file '/Library/PackageCache/com.unity.collab-proxy/Editor/PlasticSCM/Views/Diff/DiffSelection.cs'
Asset path could not be found for script compilation file '/Library/PackageCache/com.unity.collab-proxy/Editor/PlasticSCM/Views/Diff/DiffTreeView.cs'
Asset path could not be found for script compilation file '/Library/PackageCache/com.unity.collab-proxy/Editor/PlasticSCM/Views/Diff/DiffTreeViewMenu.cs'
Asset path could not be found for script compilation file '/Library/PackageCache/com.unity.collab-proxy/Editor/PlasticSCM/Views/Diff/GetClientDiffInfos.cs'
Asset path could not be found for script compilation file '/Library/PackageCache/com.unity.collab-proxy/Editor/PlasticSCM/Views/Diff/MergeCategoryTreeViewItem.cs'
Asset path could not be found for script compilation file '/Library/PackageCache/com.unity.collab-proxy/Editor/PlasticSCM/Views/Diff/UnityDiffTree.cs'
Asset path could not be found for script compilation file '/Library/PackageCache/com.unity.collab-proxy/Editor/PlasticSCM/Views/DownloadPlasticExeDialog.cs'
Asset path could not be found for script compilation file '/Library/PackageCache/com.unity.collab-proxy/Editor/PlasticSCM/Views/FileSystemOperation.cs'
Asset path could not be found for script compilation file '/Library/PackageCache/com.unity.collab-proxy/Editor/PlasticSCM/Views/History/HistoryListHeaderState.cs'
Asset path could not be found for script compilation file '/Library/PackageCache/com.unity.collab-proxy/Editor/PlasticSCM/Views/History/HistoryListView.cs'
Asset path could not be found for script compilation file '/Library/PackageCache/com.unity.collab-proxy/Editor/PlasticSCM/Views/History/HistoryListViewItem.cs'
Asset path could not be found for script compilation file '/Library/PackageCache/com.unity.collab-proxy/Editor/PlasticSCM/Views/History/HistoryListViewMenu.cs'
Asset path could not be found for script compilation file '/Library/PackageCache/com.unity.collab-proxy/Editor/PlasticSCM/Views/History/HistorySelection.cs'
Asset path could not be found for script compilation file '/Library/PackageCache/com.unity.collab-proxy/Editor/PlasticSCM/Views/History/HistoryTab.cs'
Asset path could not be found for script compilation file '/Library/PackageCache/com.unity.collab-proxy/Editor/PlasticSCM/Views/History/SaveAction.cs'
Asset path could not be found for script compilation file '/Library/PackageCache/com.unity.collab-proxy/Editor/PlasticSCM/Views/IncomingChanges/Developer/ChangeCategoryTreeViewItem.cs'
Asset path could not be found for script compilation file '/Library/PackageCache/com.unity.collab-proxy/Editor/PlasticSCM/Views/IncomingChanges/Developer/ChangeTreeViewItem.cs'
Asset path could not be found for script compilation file '/Library/PackageCache/com.unity.collab-proxy/Editor/PlasticSCM/Views/IncomingChanges/Developer/DirectoryConflicts/ConflictResolutionState.cs'
Asset path could not be found for script compilation file '/Library/PackageCache/com.unity.collab-proxy/Editor/PlasticSCM/Views/IncomingChanges/Developer/DirectoryConflicts/DrawDirectoryResolutionPanel.cs'
Asset path could not be found for script compilation file '/Library/PackageCache/com.unity.collab-proxy/Editor/PlasticSCM/Views/IncomingChanges/Developer/IncomingChangesSelection.cs'
Asset path could not be found for script compilation file '/Library/PackageCache/com.unity.collab-proxy/Editor/PlasticSCM/Views/IncomingChanges/Developer/IncomingChangesTab.cs'
Asset path could not be found for script compilation file '/Library/PackageCache/com.unity.collab-proxy/Editor/PlasticSCM/Views/IncomingChanges/Developer/IncomingChangesTreeHeaderState.cs'
Asset path could not be found for script compilation file '/Library/PackageCache/com.unity.collab-proxy/Editor/PlasticSCM/Views/IncomingChanges/Developer/IncomingChangesTreeView.cs'
Asset path could not be found for script compilation file '/Library/PackageCache/com.unity.collab-proxy/Editor/PlasticSCM/Views/IncomingChanges/Developer/IncomingChangesViewMenu.cs'
Asset path could not be found for script compilation file '/Library/PackageCache/com.unity.collab-proxy/Editor/PlasticSCM/Views/IncomingChanges/Developer/IsCurrent.cs'
Asset path could not be found for script compilation file '/Library/PackageCache/com.unity.collab-proxy/Editor/PlasticSCM/Views/IncomingChanges/Developer/IsResolved.cs'
Asset path could not be found for script compilation file '/Library/PackageCache/com.unity.collab-proxy/Editor/PlasticSCM/Views/IncomingChanges/Developer/UnityIncomingChangesTree.cs'
Asset path could not be found for script compilation file '/Library/PackageCache/com.unity.collab-proxy/Editor/PlasticSCM/Views/IncomingChanges/DrawIncomingChangesOverview.cs'
Asset path could not be found for script compilation file '/Library/PackageCache/com.unity.collab-proxy/Editor/PlasticSCM/Views/IncomingChanges/Gluon/ChangeCategoryTreeViewItem.cs'
Asset path could not be found for script compilation file '/Library/PackageCache/com.unity.collab-proxy/Editor/PlasticSCM/Views/IncomingChanges/Gluon/ChangeTreeViewItem.cs'
Asset path could not be found for script compilation file '/Library/PackageCache/com.unity.collab-proxy/Editor/PlasticSCM/Views/IncomingChanges/Gluon/Errors/ErrorListViewItem.cs'
Asset path could not be found for script compilation file '/Library/PackageCache/com.unity.collab-proxy/Editor/PlasticSCM/Views/IncomingChanges/Gluon/Errors/ErrorsListHeaderState.cs'
Asset path could not be found for script compilation file '/Library/PackageCache/com.unity.collab-proxy/Editor/PlasticSCM/Views/IncomingChanges/Gluon/Errors/ErrorsListView.cs'
Asset path could not be found for script compilation file '/Library/PackageCache/com.unity.collab-proxy/Editor/PlasticSCM/Views/IncomingChanges/Gluon/IncomingChangesSelection.cs'
Asset path could not be found for script compilation file '/Library/PackageCache/com.unity.collab-proxy/Editor/PlasticSCM/Views/IncomingChanges/Gluon/IncomingChangesTab.cs'
Asset path could not be found for script compilation file '/Library/PackageCache/com.unity.collab-proxy/Editor/PlasticSCM/Views/IncomingChanges/Gluon/IncomingChangesTreeHeaderState.cs'
Asset path could not be found for script compilation file '/Library/PackageCache/com.unity.collab-proxy/Editor/PlasticSCM/Views/IncomingChanges/Gluon/IncomingChangesTreeView.cs'
Asset path could not be found for script compilation file '/Library/PackageCache/com.unity.collab-proxy/Editor/PlasticSCM/Views/IncomingChanges/Gluon/IncomingChangesViewMenu.cs'
Asset path could not be found for script compilation file '/Library/PackageCache/com.unity.collab-proxy/Editor/PlasticSCM/Views/IncomingChanges/Gluon/UnityIncomingChangesTree.cs'
Asset path could not be found for script compilation file '/Library/PackageCache/com.unity.collab-proxy/Editor/PlasticSCM/Views/IncomingChanges/IIncomingChangesTab.cs'
Asset path could not be found for script compilation file '/Library/PackageCache/com.unity.collab-proxy/Editor/PlasticSCM/Views/Locks/DrawLocksListViewItem.cs'
Asset path could not be found for script compilation file '/Library/PackageCache/com.unity.collab-proxy/Editor/PlasticSCM/Views/Locks/LocksListHeaderState.cs'
Asset path could not be found for script compilation file '/Library/PackageCache/com.unity.collab-proxy/Editor/PlasticSCM/Views/Locks/LocksListView.cs'
Asset path could not be found for script compilation file '/Library/PackageCache/com.unity.collab-proxy/Editor/PlasticSCM/Views/Locks/LocksListViewItem.cs'
Asset path could not be found for script compilation file '/Library/PackageCache/com.unity.collab-proxy/Editor/PlasticSCM/Views/Locks/LocksSelector.cs'
Asset path could not be found for script compilation file '/Library/PackageCache/com.unity.collab-proxy/Editor/PlasticSCM/Views/Locks/LocksTab.cs'
Asset path could not be found for script compilation file '/Library/PackageCache/com.unity.collab-proxy/Editor/PlasticSCM/Views/Locks/LocksViewMenu.cs'
Asset path could not be found for script compilation file '/Library/PackageCache/com.unity.collab-proxy/Editor/PlasticSCM/Views/PendingChanges/ChangeCategoryTreeViewItem.cs'
Asset path could not be found for script compilation file '/Library/PackageCache/com.unity.collab-proxy/Editor/PlasticSCM/Views/PendingChanges/Changelists/ChangelistMenu.cs'
Asset path could not be found for script compilation file '/Library/PackageCache/com.unity.collab-proxy/Editor/PlasticSCM/Views/PendingChanges/Changelists/MoveToChangelistMenuBuilder.cs'
Asset path could not be found for script compilation file '/Library/PackageCache/com.unity.collab-proxy/Editor/PlasticSCM/Views/PendingChanges/ChangelistTreeViewItem.cs'
Asset path could not be found for script compilation file '/Library/PackageCache/com.unity.collab-proxy/Editor/PlasticSCM/Views/PendingChanges/ChangeTreeViewItem.cs'
Asset path could not be found for script compilation file '/Library/PackageCache/com.unity.collab-proxy/Editor/PlasticSCM/Views/PendingChanges/Dialogs/CheckinConflictsDialog.cs'
Asset path could not be found for script compilation file '/Library/PackageCache/com.unity.collab-proxy/Editor/PlasticSCM/Views/PendingChanges/Dialogs/CreateChangelistDialog.cs'
Asset path could not be found for script compilation file '/Library/PackageCache/com.unity.collab-proxy/Editor/PlasticSCM/Views/PendingChanges/Dialogs/DependenciesDialog.cs'
Asset path could not be found for script compilation file '/Library/PackageCache/com.unity.collab-proxy/Editor/PlasticSCM/Views/PendingChanges/Dialogs/EmptyCheckinMessageDialog.cs'
Asset path could not be found for script compilation file '/Library/PackageCache/com.unity.collab-proxy/Editor/PlasticSCM/Views/PendingChanges/Dialogs/FilterRulesConfirmationDialog.cs'
Asset path could not be found for script compilation file '/Library/PackageCache/com.unity.collab-proxy/Editor/PlasticSCM/Views/PendingChanges/Dialogs/LaunchCheckinConflictsDialog.cs'
Asset path could not be found for script compilation file '/Library/PackageCache/com.unity.collab-proxy/Editor/PlasticSCM/Views/PendingChanges/Dialogs/LaunchDependenciesDialog.cs'
Asset path could not be found for script compilation file '/Library/PackageCache/com.unity.collab-proxy/Editor/PlasticSCM/Views/PendingChanges/DrawCommentTextArea.cs'
Asset path could not be found for script compilation file '/Library/PackageCache/com.unity.collab-proxy/Editor/PlasticSCM/Views/PendingChanges/FilesFilterPatternsMenuBuilder.cs'
Asset path could not be found for script compilation file '/Library/PackageCache/com.unity.collab-proxy/Editor/PlasticSCM/Views/PendingChanges/PendingChangesMultiColumnHeader.cs'
Asset path could not be found for script compilation file '/Library/PackageCache/com.unity.collab-proxy/Editor/PlasticSCM/Views/PendingChanges/PendingChangesSelection.cs'
Asset path could not be found for script compilation file '/Library/PackageCache/com.unity.collab-proxy/Editor/PlasticSCM/Views/PendingChanges/PendingChangesTab.cs'
Asset path could not be found for script compilation file '/Library/PackageCache/com.unity.collab-proxy/Editor/PlasticSCM/Views/PendingChanges/PendingChangesTab_Operations.cs'
Asset path could not be found for script compilation file '/Library/PackageCache/com.unity.collab-proxy/Editor/PlasticSCM/Views/PendingChanges/PendingChangesTreeHeaderState.cs'
Asset path could not be found for script compilation file '/Library/PackageCache/com.unity.collab-proxy/Editor/PlasticSCM/Views/PendingChanges/PendingChangesTreeView.cs'
Asset path could not be found for script compilation file '/Library/PackageCache/com.unity.collab-proxy/Editor/PlasticSCM/Views/PendingChanges/PendingChangesViewMenu.cs'
Asset path could not be found for script compilation file '/Library/PackageCache/com.unity.collab-proxy/Editor/PlasticSCM/Views/PendingChanges/PendingChangesViewPendingChangeMenu.cs'
Asset path could not be found for script compilation file '/Library/PackageCache/com.unity.collab-proxy/Editor/PlasticSCM/Views/PendingChanges/PendingMergeLinks/MergeLinkListViewItem.cs'
Asset path could not be found for script compilation file '/Library/PackageCache/com.unity.collab-proxy/Editor/PlasticSCM/Views/PendingChanges/PendingMergeLinks/MergeLinksListView.cs'
Asset path could not be found for script compilation file '/Library/PackageCache/com.unity.collab-proxy/Editor/PlasticSCM/Views/PendingChanges/UnityPendingChangesTree.cs'
Asset path could not be found for script compilation file '/Library/PackageCache/com.unity.collab-proxy/Editor/PlasticSCM/Views/Welcome/DownloadAndInstallOperation.cs'
Asset path could not be found for script compilation file '/Library/PackageCache/com.unity.collab-proxy/Editor/PlasticSCM/Views/Welcome/GetInstallerTmpFileName.cs'
Asset path could not be found for script compilation file '/Library/PackageCache/com.unity.collab-proxy/Editor/PlasticSCM/Views/Welcome/MacOSConfigWorkaround.cs'
Asset path could not be found for script compilation file '/Library/PackageCache/com.unity.collab-proxy/Editor/PlasticSCM/Views/Welcome/WelcomeView.cs'
Asset path could not be found for script compilation file '/Library/PackageCache/com.unity.collab-proxy/Editor/PlasticSCM/ViewSwitcher.cs'
Asset path could not be found for script compilation file '/Library/PackageCache/com.unity.collab-proxy/Editor/PlasticSCM/VisualElementExtensions.cs'
Asset path could not be found for script compilation file '/Library/PackageCache/com.unity.collab-proxy/Editor/PlasticSCM/WebApi/ChangesetFromCollabCommitResponse.cs'
Asset path could not be found for script compilation file '/Library/PackageCache/com.unity.collab-proxy/Editor/PlasticSCM/WebApi/CredentialsResponse.cs'
Asset path could not be found for script compilation file '/Library/PackageCache/com.unity.collab-proxy/Editor/PlasticSCM/WebApi/CurrentUserAdminCheckResponse.cs'
Asset path could not be found for script compilation file '/Library/PackageCache/com.unity.collab-proxy/Editor/PlasticSCM/WebApi/IsCollabProjectMigratedResponse.cs'
Asset path could not be found for script compilation file '/Library/PackageCache/com.unity.collab-proxy/Editor/PlasticSCM/WebApi/OrganizationCredentials.cs'
Asset path could not be found for script compilation file '/Library/PackageCache/com.unity.collab-proxy/Editor/PlasticSCM/WebApi/SubscriptionDetailsResponse.cs'
Asset path could not be found for script compilation file '/Library/PackageCache/com.unity.collab-proxy/Editor/PlasticSCM/WebApi/TokenExchangeResponse.cs'
Asset path could not be found for script compilation file '/Library/PackageCache/com.unity.collab-proxy/Editor/PlasticSCM/WebApi/WebRestApiClient.cs'
Asset path could not be found for script compilation file '/Library/PackageCache/com.unity.collab-proxy/Editor/PlasticSCM/WorkspaceWindow.cs'
Asset path could not be found for script compilation file '/Library/PackageCache/com.unity.collab-proxy/Editor/PlasticSCM/Toolbar/ToolbarButton.cs'
Unloading broken assembly Library/ScriptAssemblies/Unity.PlasticSCM.Editor.dll, this assembly can cause crashes in the runtime
- Loaded All Assemblies, in  0.377 seconds
Refreshing native plugins compatible for Editor in 0.30 ms, found 2 plugins.
Native extension for Android target not found
Native extension for OSXStandalone target not found
Mono: successfully reloaded assembly
- Finished resetting the current domain, in  0.571 seconds
Domain Reload Profiling: 948ms
	BeginReloadAssembly (77ms)
		ExecutionOrderSort (0ms)
		DisableScriptedObjects (3ms)
		BackupInstance (0ms)
		ReleaseScriptingObjects (0ms)
		CreateAndSetChildDomain (24ms)
	RebuildCommonClasses (23ms)
	RebuildNativeTypeToScriptingClass (8ms)
	initialDomainReloadingComplete (20ms)
	LoadAllAssembliesAndSetupDomain (249ms)
		LoadAssemblies (138ms)
		RebuildTransferFunctionScriptingTraits (0ms)
		AnalyzeDomain (145ms)
			TypeCache.Refresh (110ms)
				TypeCache.ScanAssembly (99ms)
			BuildScriptInfoCaches (28ms)
			ResolveRequiredComponents (6ms)
	FinalizeReload (571ms)
		ReleaseScriptCaches (0ms)
		RebuildScriptCaches (0ms)
		SetupLoadedEditorAssemblies (478ms)
			LogAssemblyErrors (0ms)
			InitializePlatformSupportModulesInManaged (5ms)
			SetLoadedEditorAssemblies (3ms)
			BeforeProcessingInitializeOnLoad (34ms)
			ProcessInitializeOnLoadAttributes (394ms)
			ProcessInitializeOnLoadMethodAttributes (40ms)
			AfterProcessingInitializeOnLoad (2ms)
			EditorAssembliesLoaded (0ms)
		ExecutionOrderSort2 (0ms)
		AwakeInstancesAfterBackupRestoration (2ms)
Launching external process: /Applications/Unity/Hub/Editor/6000.0.29f1/Unity.app/Contents/Tools/UnityShaderCompiler
Launched and connected shader compiler UnityShaderCompiler after 0.17 seconds
Refreshing native plugins compatible for Editor in 0.34 ms, found 2 plugins.
Preloading 0 native plugins for Editor in 0.00 ms.
Unloading 197 Unused Serialized files (Serialized files now loaded: 0)
Unloading 5959 unused Assets / (5.8 MB). Loaded Objects now: 6593.
Memory consumption went from 169.0 MB to 163.2 MB.
Total: 5.294833 ms (FindLiveObjects: 0.276500 ms CreateObjectMapping: 0.113291 ms MarkObjects: 3.390167 ms  DeleteObjects: 1.514458 ms)

========================================================================
Received Prepare
Begin MonoManager ReloadAssembly
Thread 0x16d8d7000 may have been prematurely finalized
- Loaded All Assemblies, in  0.380 seconds
Refreshing native plugins compatible for Editor in 0.76 ms, found 2 plugins.
Native extension for Android target not found
Native extension for OSXStandalone target not found
Mono: successfully reloaded assembly
- Finished resetting the current domain, in  0.555 seconds
Domain Reload Profiling: 937ms
	BeginReloadAssembly (98ms)
		ExecutionOrderSort (0ms)
		DisableScriptedObjects (3ms)
		BackupInstance (0ms)
		ReleaseScriptingObjects (0ms)
		CreateAndSetChildDomain (39ms)
	RebuildCommonClasses (23ms)
	RebuildNativeTypeToScriptingClass (8ms)
	initialDomainReloadingComplete (12ms)
	LoadAllAssembliesAndSetupDomain (239ms)
		LoadAssemblies (138ms)
		RebuildTransferFunctionScriptingTraits (0ms)
		AnalyzeDomain (132ms)
			TypeCache.Refresh (70ms)
				TypeCache.ScanAssembly (64ms)
			BuildScriptInfoCaches (54ms)
			ResolveRequiredComponents (6ms)
	FinalizeReload (555ms)
		ReleaseScriptCaches (0ms)
		RebuildScriptCaches (0ms)
		SetupLoadedEditorAssemblies (426ms)
			LogAssemblyErrors (0ms)
			InitializePlatformSupportModulesInManaged (6ms)
			SetLoadedEditorAssemblies (3ms)
			BeforeProcessingInitializeOnLoad (33ms)
			ProcessInitializeOnLoadAttributes (356ms)
			ProcessInitializeOnLoadMethodAttributes (27ms)
			AfterProcessingInitializeOnLoad (2ms)
			EditorAssembliesLoaded (0ms)
		ExecutionOrderSort2 (0ms)
		AwakeInstancesAfterBackupRestoration (5ms)
Refreshing native plugins compatible for Editor in 0.45 ms, found 2 plugins.
Preloading 0 native plugins for Editor in 0.00 ms.
Unloading 40 Unused Serialized files (Serialized files now loaded: 0)
Unloading 5954 unused Assets / (5.4 MB). Loaded Objects now: 6609.
Memory consumption went from 166.8 MB to 161.5 MB.
Total: 6.949750 ms (FindLiveObjects: 0.302500 ms CreateObjectMapping: 0.118167 ms MarkObjects: 3.587375 ms  DeleteObjects: 2.941334 ms)

Prepare: number of updated asset objects reloaded= 0
========================================================================
Received Import Request.
  Time since last request: 96270.821195 seconds.
  path: Assets/InputSystem_Actions.inputactions
  artifactKey: Guid(052faaac586de48259a63d0c4782560b) Importer(815301076,1909f56bfc062723c751e8b465ee728b)
Start importing Assets/InputSystem_Actions.inputactions using Guid(052faaac586de48259a63d0c4782560b) Importer(815301076,1909f56bfc062723c751e8b465ee728b) (PreviewImporter) -> (artifact id: '15be5ba4d5b2b3ffcc56475d7901d8b3') in 0.011183125 seconds
Number of updated asset objects reloaded before import = 0Number of asset objects unloaded after import = 19

